<?xml version="1.0" encoding="UTF-8"?>
<!-- Generated by org.testng.reporters.JUnitReportReporter -->
<testsuite hostname="LT-41044" name="com.testautomation.TestRunner.TestRunner" tests="1" failures="0" timestamp="25 Jan 2019 05:47:14 GMT" time="27.938" errors="0">
  <testcase name="feature" time="27.938" classname="com.testautomation.TestRunner.TestRunner"/>
</testsuite> <!-- com.testautomation.TestRunner.TestRunner -->
